[0.076s] Invoking command in '/home/smkim/ros2_tutorials/robot_ws/build/calculator_cpp': CMAKE_PREFIX_PATH=${CMAKE_PREFIX_PATH}:/home/smkim/ros2_tutorials/robot_ws/install/topic_service_action_rclpy_example:/home/smkim/ros2_tutorials/robot_ws/install/ros2env:/home/smkim/ros2_tutorials/robot_ws/install/calculator:/home/smkim/ros2_tutorials/robot_ws/install/logger:/home/smkim/ros2_tutorials/robot_ws/install/basic_pkg:/opt/ros/humble /usr/bin/cmake /home/smkim/ros2_tutorials/robot_ws/src/calculator_cpp -DAMENT_CMAKE_SYMLINK_INSTALL=1 -DCMAKE_INSTALL_PREFIX=/home/smkim/ros2_tutorials/robot_ws/install/calculator_cpp
[0.086s] -- Found ament_cmake: 1.3.9 (/opt/ros/humble/share/ament_cmake/cmake)
[0.190s] -- Override CMake install command with custom implementation using symlinks instead of copying resources
[0.194s] -- Found msg_srv_action_interface_example: 0.0.0 (/home/smkim/ros2_tutorials/robot_ws/install/msg_srv_action_interface_example/share/msg_srv_action_interface_example/cmake)
[0.343s] -- Found rosidl_generator_c: 3.1.5 (/opt/ros/humble/share/rosidl_generator_c/cmake)
[0.345s] -- Found rosidl_adapter: 3.1.5 (/opt/ros/humble/share/rosidl_adapter/cmake)
[0.350s] -- Found rosidl_generator_cpp: 3.1.5 (/opt/ros/humble/share/rosidl_generator_cpp/cmake)
[0.358s] -- Using all available rosidl_typesupport_c: rosidl_typesupport_fastrtps_c;rosidl_typesupport_introspection_c
[0.370s] -- Using all available rosidl_typesupport_cpp: rosidl_typesupport_fastrtps_cpp;rosidl_typesupport_introspection_cpp
[0.484s] -- Found rclcpp: 16.0.9 (/opt/ros/humble/share/rclcpp/cmake)
[0.526s] -- Found rmw_implementation_cmake: 6.1.2 (/opt/ros/humble/share/rmw_implementation_cmake/cmake)
[0.527s] -- Found rmw_fastrtps_cpp: 6.2.6 (/opt/ros/humble/share/rmw_fastrtps_cpp/cmake)
[4.898s] -- Using RMW implementation 'rmw_fastrtps_cpp' as default
[5.009s] -- Found rclcpp_action: 16.0.9 (/opt/ros/humble/share/rclcpp_action/cmake)
[5.033s] -- Found ament_lint_auto: 0.12.11 (/opt/ros/humble/share/ament_lint_auto/cmake)
[5.090s] -- Added test 'copyright' to check source files copyright and LICENSE
[5.090s] -- Added test 'cppcheck' to perform static code analysis on C / C++ code
[5.091s] -- Configured cppcheck include dirs: /home/smkim/ros2_tutorials/robot_ws/src/calculator_cpp/include
[5.091s] -- Configured cppcheck exclude dirs and/or files: 
[5.091s] -- Added test 'cpplint' to check C / C++ code against the Google style
[5.092s] -- Configured cpplint exclude dirs and/or files: 
[5.092s] -- Added test 'lint_cmake' to check CMake code style
[5.093s] -- Added test 'uncrustify' to check C / C++ code style
[5.093s] -- Configured uncrustify additional arguments: 
[5.093s] -- Added test 'xmllint' to check XML markup files
[5.094s] -- Configuring done
[5.112s] -- Generating done
[5.114s] -- Build files have been written to: /home/smkim/ros2_tutorials/robot_ws/build/calculator_cpp
[5.126s] Invoked command in '/home/smkim/ros2_tutorials/robot_ws/build/calculator_cpp' returned '0': CMAKE_PREFIX_PATH=${CMAKE_PREFIX_PATH}:/home/smkim/ros2_tutorials/robot_ws/install/topic_service_action_rclpy_example:/home/smkim/ros2_tutorials/robot_ws/install/ros2env:/home/smkim/ros2_tutorials/robot_ws/install/calculator:/home/smkim/ros2_tutorials/robot_ws/install/logger:/home/smkim/ros2_tutorials/robot_ws/install/basic_pkg:/opt/ros/humble /usr/bin/cmake /home/smkim/ros2_tutorials/robot_ws/src/calculator_cpp -DAMENT_CMAKE_SYMLINK_INSTALL=1 -DCMAKE_INSTALL_PREFIX=/home/smkim/ros2_tutorials/robot_ws/install/calculator_cpp
[5.129s] Invoking command in '/home/smkim/ros2_tutorials/robot_ws/build/calculator_cpp': CMAKE_PREFIX_PATH=${CMAKE_PREFIX_PATH}:/home/smkim/ros2_tutorials/robot_ws/install/topic_service_action_rclpy_example:/home/smkim/ros2_tutorials/robot_ws/install/ros2env:/home/smkim/ros2_tutorials/robot_ws/install/calculator:/home/smkim/ros2_tutorials/robot_ws/install/logger:/home/smkim/ros2_tutorials/robot_ws/install/basic_pkg:/opt/ros/humble /usr/bin/cmake --build /home/smkim/ros2_tutorials/robot_ws/build/calculator_cpp -- -j8 -l8
[5.164s] [ 25%] [32mBuilding CXX object CMakeFiles/operator.dir/src/operator.cpp.o[0m
[5.164s] [ 25%] [32mBuilding CXX object CMakeFiles/checker.dir/src/checker.cpp.o[0m
[5.164s] [ 37%] [32mBuilding CXX object CMakeFiles/argument.dir/src/argument.cpp.o[0m
[5.164s] [ 50%] [32mBuilding CXX object CMakeFiles/calculator.dir/src/calculator.cpp.o[0m
[5.180s] [ 62%] [32m[1mLinking CXX executable argument[0m
[5.181s] [ 75%] [32m[1mLinking CXX executable operator[0m
[5.181s] [ 87%] [32m[1mLinking CXX executable checker[0m
[5.181s] [100%] [32m[1mLinking CXX executable calculator[0m
[5.291s] /usr/bin/ld: /usr/lib/gcc/x86_64-linux-gnu/11/../../../x86_64-linux-gnu/Scrt1.o: in function `_start':
[5.291s] (.text+0x1b): undefined reference to `main'
[5.293s] collect2: error: ld returned 1 exit status
[5.295s] gmake[2]: *** [CMakeFiles/checker.dir/build.make:177: checker] Error 1
[5.295s] gmake[1]: *** [CMakeFiles/Makefile2:195: CMakeFiles/checker.dir/all] Error 2
[5.295s] gmake[1]: *** Waiting for unfinished jobs....
[5.297s] /usr/bin/ld: /usr/lib/gcc/x86_64-linux-gnu/11/../../../x86_64-linux-gnu/Scrt1.o: in function `_start':
[5.297s] (.text+0x1b): undefined reference to `main'
[5.299s] collect2: error: ld returned 1 exit status
[5.300s] gmake[2]: *** [CMakeFiles/operator.dir/build.make:175: operator] Error 1
[5.300s] gmake[1]: *** [CMakeFiles/Makefile2:221: CMakeFiles/operator.dir/all] Error 2
[5.302s] /usr/bin/ld: /usr/lib/gcc/x86_64-linux-gnu/11/../../../x86_64-linux-gnu/Scrt1.o: in function `_start':
[5.302s] (.text+0x1b): undefined reference to `main'
[5.304s] collect2: error: ld returned 1 exit status
[5.305s] gmake[2]: *** [CMakeFiles/argument.dir/build.make:175: argument] Error 1
[5.305s] gmake[1]: *** [CMakeFiles/Makefile2:143: CMakeFiles/argument.dir/all] Error 2
[5.307s] /usr/bin/ld: /usr/lib/gcc/x86_64-linux-gnu/11/../../../x86_64-linux-gnu/Scrt1.o: in function `_start':
[5.307s] (.text+0x1b): undefined reference to `main'
[5.309s] collect2: error: ld returned 1 exit status
[5.310s] gmake[2]: *** [CMakeFiles/calculator.dir/build.make:177: calculator] Error 1
[5.311s] gmake[1]: *** [CMakeFiles/Makefile2:169: CMakeFiles/calculator.dir/all] Error 2
[5.311s] gmake: *** [Makefile:146: all] Error 2
[5.313s] Invoked command in '/home/smkim/ros2_tutorials/robot_ws/build/calculator_cpp' returned '2': CMAKE_PREFIX_PATH=${CMAKE_PREFIX_PATH}:/home/smkim/ros2_tutorials/robot_ws/install/topic_service_action_rclpy_example:/home/smkim/ros2_tutorials/robot_ws/install/ros2env:/home/smkim/ros2_tutorials/robot_ws/install/calculator:/home/smkim/ros2_tutorials/robot_ws/install/logger:/home/smkim/ros2_tutorials/robot_ws/install/basic_pkg:/opt/ros/humble /usr/bin/cmake --build /home/smkim/ros2_tutorials/robot_ws/build/calculator_cpp -- -j8 -l8
