[0.012s] Invoking command in '/robot_ws/build/tf2_cpp_': CMAKE_PREFIX_PATH=${CMAKE_PREFIX_PATH}:/robot_ws/install/tf2_python:/robot_ws/install/ros2env:/robot_ws/install/calculator:/robot_ws/install/logger:/robot_ws/install/basic_pkg:/opt/ros/humble /usr/bin/cmake --build /robot_ws/build/tf2_cpp_ -- -j8 -l8
[0.029s] -- Found ament_cmake: 1.3.10 (/opt/ros/humble/share/ament_cmake/cmake)
[0.124s] -- Found geometry_msgs: 4.2.4 (/opt/ros/humble/share/geometry_msgs/cmake)
[0.138s] -- Found rosidl_generator_c: 3.1.5 (/opt/ros/humble/share/rosidl_generator_c/cmake)
[0.140s] -- Found rosidl_adapter: 3.1.5 (/opt/ros/humble/share/rosidl_adapter/cmake)
[0.143s] -- Found rosidl_generator_cpp: 3.1.5 (/opt/ros/humble/share/rosidl_generator_cpp/cmake)
[0.149s] -- Using all available rosidl_typesupport_c: rosidl_typesupport_fastrtps_c;rosidl_typesupport_introspection_c
[0.158s] -- Using all available rosidl_typesupport_cpp: rosidl_typesupport_fastrtps_cpp;rosidl_typesupport_introspection_cpp
[0.185s] -- Found rclcpp: 16.0.10 (/opt/ros/humble/share/rclcpp/cmake)
[0.202s] -- Found rmw_implementation_cmake: 6.1.2 (/opt/ros/humble/share/rmw_implementation_cmake/cmake)
[0.203s] -- Found rmw_fastrtps_cpp: 6.2.7 (/opt/ros/humble/share/rmw_fastrtps_cpp/cmake)
[0.271s] -- Using RMW implementation 'rmw_fastrtps_cpp' as default
[0.296s] -- Found tf2: 0.25.7 (/opt/ros/humble/share/tf2/cmake)
[0.298s] -- Found tf2_ros: 0.25.7 (/opt/ros/humble/share/tf2_ros/cmake)
[0.352s] -- Found turtlesim: 1.4.2 (/opt/ros/humble/share/turtlesim/cmake)
[0.360s] -- Found ament_lint_auto: 0.12.11 (/opt/ros/humble/share/ament_lint_auto/cmake)
[0.417s] -- Added test 'cppcheck' to perform static code analysis on C / C++ code
[0.418s] -- Configured cppcheck include dirs: 
[0.418s] -- Configured cppcheck exclude dirs and/or files: 
[0.418s] -- Added test 'flake8' to check Python code syntax and style conventions
[0.418s] -- Added test 'lint_cmake' to check CMake code style
[0.418s] -- Added test 'pep257' to check Python code against some of the docstring style conventions in PEP 257
[0.419s] -- Added test 'uncrustify' to check C / C++ code style
[0.419s] -- Configured uncrustify additional arguments: 
[0.419s] -- Added test 'xmllint' to check XML markup files
[0.420s] -- Configuring done
[0.440s] -- Generating done
[0.441s] -- Build files have been written to: /robot_ws/build/tf2_cpp_
[0.461s] [35m[1mConsolidate compiler generated dependencies of target static_turtle_tf2_broadcaster[0m
[0.462s] [35m[1mConsolidate compiler generated dependencies of target fixed_frame_tf2_broadcaster[0m
[0.463s] [35m[1mConsolidate compiler generated dependencies of target turtle_tf2_broadcaster[0m
[0.463s] [35m[1mConsolidate compiler generated dependencies of target turtle_tf2_listener[0m
[0.463s] [35m[1mConsolidate compiler generated dependencies of target dynamic_frame_tf2_broadcaster[0m
[0.471s] [  8%] [32mBuilding CXX object CMakeFiles/turtle_tf2_listener_debug.dir/src/turtle_tf2_listener_debug.cpp.o[0m
[0.482s] [ 25%] Built target static_turtle_tf2_broadcaster
[0.483s] [ 58%] Built target turtle_tf2_listener
[0.484s] [ 58%] Built target fixed_frame_tf2_broadcaster
[0.484s] [ 75%] Built target dynamic_frame_tf2_broadcaster
[0.485s] [ 91%] Built target turtle_tf2_broadcaster
[2.559s] [01m[K/robot_ws/src/tf2_cpp_/src/turtle_tf2_listener_debug.cpp:[m[K In member function â€˜[01m[Kvoid FrameListener::on_timer()[m[Kâ€™:
[2.559s] [01m[K/robot_ws/src/tf2_cpp_/src/turtle_tf2_listener_debug.cpp:75:11:[m[K [01;31m[Kerror: [m[Kâ€˜[01m[KtransformStamped[m[Kâ€™ was not declared in this scope
[2.559s]    75 |           [01;31m[KtransformStamped[m[K = tf_buffer_->lookupTransform(
[2.559s]       |           [01;31m[K^~~~~~~~~~~~~~~~[m[K
[3.486s] gmake[2]: *** [CMakeFiles/turtle_tf2_listener_debug.dir/build.make:76: CMakeFiles/turtle_tf2_listener_debug.dir/src/turtle_tf2_listener_debug.cpp.o] Error 1
[3.486s] gmake[1]: *** [CMakeFiles/Makefile2:277: CMakeFiles/turtle_tf2_listener_debug.dir/all] Error 2
[3.486s] gmake: *** [Makefile:146: all] Error 2
[3.488s] Invoked command in '/robot_ws/build/tf2_cpp_' returned '2': CMAKE_PREFIX_PATH=${CMAKE_PREFIX_PATH}:/robot_ws/install/tf2_python:/robot_ws/install/ros2env:/robot_ws/install/calculator:/robot_ws/install/logger:/robot_ws/install/basic_pkg:/opt/ros/humble /usr/bin/cmake --build /robot_ws/build/tf2_cpp_ -- -j8 -l8
