[ 50%] Built target checker
[ 62%] [32mBuilding CXX object CMakeFiles/calculator.dir/src/calculator.cpp.o[0m
[ 62%] Built target operator
[ 75%] [32mBuilding CXX object CMakeFiles/argument.dir/src/argument.cpp.o[0m
In file included from [01m[K/opt/ros/humble/include/rclcpp/rclcpp/logging.hpp:24[m[K,
                 from [01m[K/opt/ros/humble/include/rclcpp/rclcpp/client.hpp:40[m[K,
                 from [01m[K/opt/ros/humble/include/rclcpp/rclcpp/callback_group.hpp:24[m[K,
                 from [01m[K/opt/ros/humble/include/rclcpp/rclcpp/any_executable.hpp:20[m[K,
                 from [01m[K/opt/ros/humble/include/rclcpp/rclcpp/memory_strategy.hpp:25[m[K,
                 from [01m[K/opt/ros/humble/include/rclcpp/rclcpp/memory_strategies.hpp:18[m[K,
                 from [01m[K/opt/ros/humble/include/rclcpp/rclcpp/executor_options.hpp:20[m[K,
                 from [01m[K/opt/ros/humble/include/rclcpp/rclcpp/executor.hpp:37[m[K,
                 from [01m[K/opt/ros/humble/include/rclcpp/rclcpp/executors/multi_threaded_executor.hpp:25[m[K,
                 from [01m[K/opt/ros/humble/include/rclcpp/rclcpp/executors.hpp:21[m[K,
                 from [01m[K/opt/ros/humble/include/rclcpp/rclcpp/rclcpp.hpp:155[m[K,
                 from [01m[K/home/smkim/ros2_tutorials/robot_ws/src/calculator_cpp/include/calculator.hpp:11[m[K,
                 from [01m[K/home/smkim/ros2_tutorials/robot_ws/src/calculator_cpp/src/calculator.cpp:8[m[K:
[01m[K/home/smkim/ros2_tutorials/robot_ws/src/calculator_cpp/src/calculator.cpp:[m[K In lambda function:
[01m[K/home/smkim/ros2_tutorials/robot_ws/src/calculator_cpp/src/calculator.cpp:45:9:[m[K [01;35m[Kwarning: [m[Kformat â€˜[01m[K%ld[m[Kâ€™ expects argument of type â€˜[01m[Klong int[m[Kâ€™, but argument 5 has type â€˜[01m[Kbuiltin_interfaces::msg::Time_<std::allocator<void> >::_sec_type[m[Kâ€™ {aka â€˜[01m[Kint[m[Kâ€™} [[01;35m[K]8;;https://gcc.gnu.org/onlinedocs/gcc/Warning-Options.html#index-Wformat=-Wformat=]8;;[m[K]
   45 |         [01;35m[K"Timestamp of the message: sec %ld nanosec %ld"[m[K,
      |         [01;35m[K^~~~~~~~~~~~~~~~~~~~~~~~~~~~~~~~~~~~~~~~~~~~~~~[m[K
   46 |         [32m[Kmsg->stamp.sec[m[K,
      |         [32m[K~~~~~~~~~~~~~~[m[K
      |                    [32m[K|[m[K
      |                    [32m[Kbuiltin_interfaces::msg::Time_<std::allocator<void> >::_sec_type {aka int}[m[K
[01m[K/home/smkim/ros2_tutorials/robot_ws/src/calculator_cpp/src/calculator.cpp:45:42:[m[K [01;36m[Knote: [m[Kformat string is defined here
   45 |         "Timestamp of the message: sec [01;36m[K%ld[m[K nanosec %ld",
      |                                        [01;36m[K~~^[m[K
      |                                          [01;36m[K|[m[K
      |                                          [01;36m[Klong int[m[K
      |                                        [32m[K%d[m[K
In file included from [01m[K/opt/ros/humble/include/rclcpp/rclcpp/logging.hpp:24[m[K,
                 from [01m[K/opt/ros/humble/include/rclcpp/rclcpp/client.hpp:40[m[K,
                 from [01m[K/opt/ros/humble/include/rclcpp/rclcpp/callback_group.hpp:24[m[K,
                 from [01m[K/opt/ros/humble/include/rclcpp/rclcpp/any_executable.hpp:20[m[K,
                 from [01m[K/opt/ros/humble/include/rclcpp/rclcpp/memory_strategy.hpp:25[m[K,
                 from [01m[K/opt/ros/humble/include/rclcpp/rclcpp/memory_strategies.hpp:18[m[K,
                 from [01m[K/opt/ros/humble/include/rclcpp/rclcpp/executor_options.hpp:20[m[K,
                 from [01m[K/opt/ros/humble/include/rclcpp/rclcpp/executor.hpp:37[m[K,
                 from [01m[K/opt/ros/humble/include/rclcpp/rclcpp/executors/multi_threaded_executor.hpp:25[m[K,
                 from [01m[K/opt/ros/humble/include/rclcpp/rclcpp/executors.hpp:21[m[K,
                 from [01m[K/opt/ros/humble/include/rclcpp/rclcpp/rclcpp.hpp:155[m[K,
                 from [01m[K/home/smkim/ros2_tutorials/robot_ws/src/calculator_cpp/include/calculator.hpp:11[m[K,
                 from [01m[K/home/smkim/ros2_tutorials/robot_ws/src/calculator_cpp/src/calculator.cpp:8[m[K:
[01m[K/home/smkim/ros2_tutorials/robot_ws/src/calculator_cpp/src/calculator.cpp:45:9:[m[K [01;35m[Kwarning: [m[Kformat â€˜[01m[K%ld[m[Kâ€™ expects argument of type â€˜[01m[Klong int[m[Kâ€™, but argument 6 has type â€˜[01m[Kbuiltin_interfaces::msg::Time_<std::allocator<void> >::_nanosec_type[m[Kâ€™ {aka â€˜[01m[Kunsigned int[m[Kâ€™} [[01;35m[K]8;;https://gcc.gnu.org/onlinedocs/gcc/Warning-Options.html#index-Wformat=-Wformat=]8;;[m[K]
   45 |         [01;35m[K"Timestamp of the message: sec %ld nanosec %ld"[m[K,
      |         [01;35m[K^~~~~~~~~~~~~~~~~~~~~~~~~~~~~~~~~~~~~~~~~~~~~~~[m[K
   46 |         msg->stamp.sec,
   47 |         [32m[Kmsg->stamp.nanosec[m[K);
      |         [32m[K~~~~~~~~~~~~~~~~~~[m[K
      |                    [32m[K|[m[K
      |                    [32m[Kbuiltin_interfaces::msg::Time_<std::allocator<void> >::_nanosec_type {aka unsigned int}[m[K
[01m[K/home/smkim/ros2_tutorials/robot_ws/src/calculator_cpp/src/calculator.cpp:45:54:[m[K [01;36m[Knote: [m[Kformat string is defined here
   45 |         "Timestamp of the message: sec %ld nanosec [01;36m[K%ld[m[K",
      |                                                    [01;36m[K~~^[m[K
      |                                                      [01;36m[K|[m[K
      |                                                      [01;36m[Klong int[m[K
      |                                                    [32m[K%d[m[K
[ 87%] [32m[1mLinking CXX executable argument[0m
[ 87%] Built target argument
[100%] [32m[1mLinking CXX executable calculator[0m
/usr/bin/ld: /usr/lib/gcc/x86_64-linux-gnu/11/../../../x86_64-linux-gnu/Scrt1.o: in function `_start':
(.text+0x1b): undefined reference to `main'
collect2: error: ld returned 1 exit status
gmake[2]: *** [CMakeFiles/calculator.dir/build.make:177: calculator] Error 1
gmake[1]: *** [CMakeFiles/Makefile2:169: CMakeFiles/calculator.dir/all] Error 2
gmake: *** [Makefile:146: all] Error 2
