[0.000000] (-) TimerEvent: {}
[0.000498] (-) JobUnselected: {'identifier': 'basic_pkg'}
[0.000625] (-) JobUnselected: {'identifier': 'calculator'}
[0.000825] (-) JobUnselected: {'identifier': 'msg_srv_action_interface_example'}
[0.001292] (-) JobUnselected: {'identifier': 'topic_service_action_rclpy_example'}
[0.001707] (logger) JobQueued: {'identifier': 'logger', 'dependencies': OrderedDict()}
[0.002555] (logger) JobStarted: {'identifier': 'logger'}
[0.099536] (-) TimerEvent: {}
[0.199958] (-) TimerEvent: {}
[0.300487] (-) TimerEvent: {}
[0.338650] (logger) StderrLine: {'line': b'Traceback (most recent call last):\n  File "/usr/lib/python3/dist-packages/colcon_parallel_executor/executor/parallel.py", line 75, in execute\n    loop.run_until_complete(future)\n  File "/usr/lib/python3.10/asyncio/base_events.py", line 636, in run_until_complete\n    self.run_forever()\n  File "/usr/lib/python3.10/asyncio/base_events.py", line 603, in run_forever\n    self._run_once()\n  File "/usr/lib/python3.10/asyncio/base_events.py", line 1871, in _run_once\n    event_list = self._selector.select(timeout)\n  File "/usr/lib/python3.10/selectors.py", line 469, in select\n    fd_event_list = self._selector.poll(timeout, max_ev)\nKeyboardInterrupt\n\nDuring handling of the above exception, another exception occurred:\n\nTraceback (most recent call last):\n  File "/usr/lib/python3/dist-packages/colcon_core/executor/__init__.py", line 91, in __call__\n    rc = await self.task(*args, **kwargs)\n  File "/usr/lib/python3/dist-packages/colcon_core/task/__init__.py", line 93, in __call__\n    return await task_method(*args, **kwargs)\n  File "/usr/lib/python3/dist-packages/colcon_ros/task/ament_python/build.py", line 102, in build\n    return await extension.build(additional_hooks=additional_hooks)\n  File "/usr/lib/python3/dist-packages/colcon_core/task/python/build.py", line 94, in build\n    available_commands = await self._get_available_commands(\n  File "/usr/lib/python3/dist-packages/colcon_core/task/python/build.py", line 192, in _get_available_commands\n    output = await check_output(\n  File "/usr/lib/python3/dist-packages/colcon_core/subprocess.py", line 129, in check_output\n    assert not rc, f\'Expected {args} to pass: {stderr_data}\'\nAssertionError: Expected [\'/usr/bin/python3\', \'-W\', \'ignore:setup.py install is deprecated\', \'setup.py\', \'--help-commands\'] to pass: /home/smkim/.local/lib/python3.10/site-packages/setuptools/_distutils/dist.py:268: UserWarning: Unknown distribution option: \'tests_require\'\n  warnings.warn(msg)\nTraceback (most recent call last):\n  File "/home/smkim/ros2_tutorials/robot_ws/src/logger/setup.py", line 5, in <module>\n    setup(\n  File "/home/smkim/.local/lib/python3.10/site-packages/setuptools/__init__.py", line 108, in setup\n    return distutils.core.setup(**attrs)\n  File "/home/smkim/.local/lib/python3.10/site-packages/setuptools/_distutils/core.py", line 171, in setup\n    ok = dist.parse_command_line()\n  File "/home/smkim/.local/lib/python3.10/site-packages/setuptools/_distutils/dist.py", line 475, in parse_command_line\n    if self.handle_display_options(option_order):\n  File "/home/smkim/.local/lib/python3.10/site-packages/setuptools/dist.py", line 921, in handle_display_options\n    return _Distribution.handle_display_options(self, option_order)\n  File "/home/smkim/.local/lib/python3.10/site-packages/setuptools/_distutils/dist.py", line 689, in handle_display_options\n    self.print_commands()\n  File "/home/smkim/.local/lib/python3.10/site-packages/setuptools/dist.py", line 698, in print_commands\n    for ep in metadata.entry_points(group=\'distutils.commands\'):\n  File "/usr/lib/python3.10/importlib/metadata/__init__.py", line 1021, in entry_points\n    return SelectableGroups.load(eps).select(**params)\n  File "/usr/lib/python3.10/importlib/metadata/__init__.py", line 459, in load\n    ordered = sorted(eps, key=by_group)\n  File "/usr/lib/python3.10/importlib/metadata/__init__.py", line 1019, in <genexpr>\n    dist.entry_points for dist in unique(distributions())\n  File "/usr/lib/python3.10/importlib/metadata/__init__.py", line 631, in entry_points\n    return EntryPoints._from_text_for(self.read_text(\'entry_points.txt\'), self)\nKeyboardInterrupt\n\n'}
[0.339776] (logger) JobEnded: {'identifier': 'logger', 'rc': 'SIGINT'}
[0.349277] (-) EventReactorShutdown: {}
